<?xml version="1.0" encoding="UTF-8"?>
<testng-results ignored="0" total="4" passed="4" failed="0" skipped="0">
  <reporter-output>
  </reporter-output>
  <suite started-at="2024-10-29T15:30:31 GST" name="All Test Suite" finished-at="2024-10-29T15:34:03 GST" duration-ms="212146">
    <groups>
    </groups>
    <test started-at="2024-10-29T15:30:31 GST" name="C:/Users/batef/IdeaProjects/ifram" finished-at="2024-10-29T15:34:03 GST" duration-ms="212146">
      <class name="com.freecrm.testcases.ContactPageTest">
        <test-method is-config="true" signature="BeforeTest(java.lang.String,java.lang.reflect.Method)[pri:0, instance:com.freecrm.testcases.ContactPageTest@394a2528]" started-at="2024-10-29T15:30:33 GST" name="BeforeTest" finished-at="2024-10-29T15:31:01 GST" duration-ms="28270" status="PASS">
          <params>
            <param index="0">
              <value>
                <![CDATA[chrome]]>
              </value>
            </param>
            <param index="1">
              <value>
                <![CDATA[public void com.freecrm.testcases.ContactPageTest.addContact(java.lang.String,java.lang.String,java.lang.String,java.lang.reflect.Method) throws java.lang.InterruptedException,atu.testrecorder.exceptions.ATUTestRecorderException]]>
              </value>
            </param>
          </params>
          <reporter-output>
          </reporter-output>
        </test-method> <!-- BeforeTest -->
        <test-method signature="addContact(java.lang.String,java.lang.String,java.lang.String,java.lang.reflect.Method)[pri:0, instance:com.freecrm.testcases.ContactPageTest@394a2528]" started-at="2024-10-29T15:31:01 GST" name="addContact" data-provider="testData" finished-at="2024-10-29T15:31:21 GST" duration-ms="19848" status="PASS">
          <params>
            <param index="0">
              <value>
                <![CDATA[First name]]>
              </value>
            </param>
            <param index="1">
              <value>
                <![CDATA[Last name]]>
              </value>
            </param>
            <param index="2">
              <value>
                <![CDATA[Department]]>
              </value>
            </param>
            <param index="3">
              <value>
                <![CDATA[public void com.freecrm.testcases.ContactPageTest.addContact(java.lang.String,java.lang.String,java.lang.String,java.lang.reflect.Method) throws java.lang.InterruptedException,atu.testrecorder.exceptions.ATUTestRecorderException]]>
              </value>
            </param>
          </params>
          <reporter-output>
          </reporter-output>
        </test-method> <!-- addContact -->
        <test-method is-config="true" signature="AfterTest(java.lang.reflect.Method)[pri:0, instance:com.freecrm.testcases.ContactPageTest@394a2528]" started-at="2024-10-29T15:31:21 GST" name="AfterTest" finished-at="2024-10-29T15:31:21 GST" duration-ms="706" status="PASS">
          <params>
            <param index="0">
              <value>
                <![CDATA[public void com.freecrm.testcases.ContactPageTest.addContact(java.lang.String,java.lang.String,java.lang.String,java.lang.reflect.Method) throws java.lang.InterruptedException,atu.testrecorder.exceptions.ATUTestRecorderException]]>
              </value>
            </param>
          </params>
          <reporter-output>
          </reporter-output>
        </test-method> <!-- AfterTest -->
        <test-method is-config="true" signature="BeforeTest(java.lang.String,java.lang.reflect.Method)[pri:0, instance:com.freecrm.testcases.ContactPageTest@394a2528]" started-at="2024-10-29T15:31:21 GST" name="BeforeTest" finished-at="2024-10-29T15:31:54 GST" duration-ms="32536" status="PASS">
          <params>
            <param index="0">
              <value>
                <![CDATA[chrome]]>
              </value>
            </param>
            <param index="1">
              <value>
                <![CDATA[public void com.freecrm.testcases.ContactPageTest.addContact(java.lang.String,java.lang.String,java.lang.String,java.lang.reflect.Method) throws java.lang.InterruptedException,atu.testrecorder.exceptions.ATUTestRecorderException]]>
              </value>
            </param>
          </params>
          <reporter-output>
          </reporter-output>
        </test-method> <!-- BeforeTest -->
        <test-method signature="addContact(java.lang.String,java.lang.String,java.lang.String,java.lang.reflect.Method)[pri:0, instance:com.freecrm.testcases.ContactPageTest@394a2528]" started-at="2024-10-29T15:31:54 GST" name="addContact" data-provider="testData" finished-at="2024-10-29T15:32:12 GST" duration-ms="18015" status="PASS">
          <params>
            <param index="0">
              <value>
                <![CDATA[hatem]]>
              </value>
            </param>
            <param index="1">
              <value>
                <![CDATA[sayed]]>
              </value>
            </param>
            <param index="2">
              <value>
                <![CDATA[QA]]>
              </value>
            </param>
            <param index="3">
              <value>
                <![CDATA[public void com.freecrm.testcases.ContactPageTest.addContact(java.lang.String,java.lang.String,java.lang.String,java.lang.reflect.Method) throws java.lang.InterruptedException,atu.testrecorder.exceptions.ATUTestRecorderException]]>
              </value>
            </param>
          </params>
          <reporter-output>
          </reporter-output>
        </test-method> <!-- addContact -->
        <test-method is-config="true" signature="AfterTest(java.lang.reflect.Method)[pri:0, instance:com.freecrm.testcases.ContactPageTest@394a2528]" started-at="2024-10-29T15:32:12 GST" name="AfterTest" finished-at="2024-10-29T15:32:13 GST" duration-ms="759" status="PASS">
          <params>
            <param index="0">
              <value>
                <![CDATA[public void com.freecrm.testcases.ContactPageTest.addContact(java.lang.String,java.lang.String,java.lang.String,java.lang.reflect.Method) throws java.lang.InterruptedException,atu.testrecorder.exceptions.ATUTestRecorderException]]>
              </value>
            </param>
          </params>
          <reporter-output>
          </reporter-output>
        </test-method> <!-- AfterTest -->
        <test-method is-config="true" signature="BeforeTest(java.lang.String,java.lang.reflect.Method)[pri:0, instance:com.freecrm.testcases.ContactPageTest@394a2528]" started-at="2024-10-29T15:32:13 GST" name="BeforeTest" finished-at="2024-10-29T15:32:54 GST" duration-ms="41247" status="PASS">
          <params>
            <param index="0">
              <value>
                <![CDATA[chrome]]>
              </value>
            </param>
            <param index="1">
              <value>
                <![CDATA[public void com.freecrm.testcases.ContactPageTest.addContact(java.lang.String,java.lang.String,java.lang.String,java.lang.reflect.Method) throws java.lang.InterruptedException,atu.testrecorder.exceptions.ATUTestRecorderException]]>
              </value>
            </param>
          </params>
          <reporter-output>
          </reporter-output>
        </test-method> <!-- BeforeTest -->
        <test-method signature="addContact(java.lang.String,java.lang.String,java.lang.String,java.lang.reflect.Method)[pri:0, instance:com.freecrm.testcases.ContactPageTest@394a2528]" started-at="2024-10-29T15:32:54 GST" name="addContact" data-provider="testData" finished-at="2024-10-29T15:33:12 GST" duration-ms="17905" status="PASS">
          <params>
            <param index="0">
              <value>
                <![CDATA[nader]]>
              </value>
            </param>
            <param index="1">
              <value>
                <![CDATA[ali]]>
              </value>
            </param>
            <param index="2">
              <value>
                <![CDATA[senior]]>
              </value>
            </param>
            <param index="3">
              <value>
                <![CDATA[public void com.freecrm.testcases.ContactPageTest.addContact(java.lang.String,java.lang.String,java.lang.String,java.lang.reflect.Method) throws java.lang.InterruptedException,atu.testrecorder.exceptions.ATUTestRecorderException]]>
              </value>
            </param>
          </params>
          <reporter-output>
          </reporter-output>
        </test-method> <!-- addContact -->
        <test-method is-config="true" signature="AfterTest(java.lang.reflect.Method)[pri:0, instance:com.freecrm.testcases.ContactPageTest@394a2528]" started-at="2024-10-29T15:33:12 GST" name="AfterTest" finished-at="2024-10-29T15:33:13 GST" duration-ms="651" status="PASS">
          <params>
            <param index="0">
              <value>
                <![CDATA[public void com.freecrm.testcases.ContactPageTest.addContact(java.lang.String,java.lang.String,java.lang.String,java.lang.reflect.Method) throws java.lang.InterruptedException,atu.testrecorder.exceptions.ATUTestRecorderException]]>
              </value>
            </param>
          </params>
          <reporter-output>
          </reporter-output>
        </test-method> <!-- AfterTest -->
        <test-method is-config="true" signature="BeforeTest(java.lang.String,java.lang.reflect.Method)[pri:0, instance:com.freecrm.testcases.ContactPageTest@394a2528]" started-at="2024-10-29T15:33:13 GST" name="BeforeTest" finished-at="2024-10-29T15:33:45 GST" duration-ms="32035" status="PASS">
          <params>
            <param index="0">
              <value>
                <![CDATA[chrome]]>
              </value>
            </param>
            <param index="1">
              <value>
                <![CDATA[public void com.freecrm.testcases.ContactPageTest.addContact(java.lang.String,java.lang.String,java.lang.String,java.lang.reflect.Method) throws java.lang.InterruptedException,atu.testrecorder.exceptions.ATUTestRecorderException]]>
              </value>
            </param>
          </params>
          <reporter-output>
          </reporter-output>
        </test-method> <!-- BeforeTest -->
        <test-method signature="addContact(java.lang.String,java.lang.String,java.lang.String,java.lang.reflect.Method)[pri:0, instance:com.freecrm.testcases.ContactPageTest@394a2528]" started-at="2024-10-29T15:33:45 GST" name="addContact" data-provider="testData" finished-at="2024-10-29T15:34:03 GST" duration-ms="18343" status="PASS">
          <params>
            <param index="0">
              <value>
                <![CDATA[sarah]]>
              </value>
            </param>
            <param index="1">
              <value>
                <![CDATA[mohamed]]>
              </value>
            </param>
            <param index="2">
              <value>
                <![CDATA[leader]]>
              </value>
            </param>
            <param index="3">
              <value>
                <![CDATA[public void com.freecrm.testcases.ContactPageTest.addContact(java.lang.String,java.lang.String,java.lang.String,java.lang.reflect.Method) throws java.lang.InterruptedException,atu.testrecorder.exceptions.ATUTestRecorderException]]>
              </value>
            </param>
          </params>
          <reporter-output>
          </reporter-output>
        </test-method> <!-- addContact -->
        <test-method is-config="true" signature="AfterTest(java.lang.reflect.Method)[pri:0, instance:com.freecrm.testcases.ContactPageTest@394a2528]" started-at="2024-10-29T15:34:03 GST" name="AfterTest" finished-at="2024-10-29T15:34:03 GST" duration-ms="571" status="PASS">
          <params>
            <param index="0">
              <value>
                <![CDATA[public void com.freecrm.testcases.ContactPageTest.addContact(java.lang.String,java.lang.String,java.lang.String,java.lang.reflect.Method) throws java.lang.InterruptedException,atu.testrecorder.exceptions.ATUTestRecorderException]]>
              </value>
            </param>
          </params>
          <reporter-output>
          </reporter-output>
        </test-method> <!-- AfterTest -->
      </class> <!-- com.freecrm.testcases.ContactPageTest -->
    </test> <!-- C:/Users/batef/IdeaProjects/ifram -->
  </suite> <!-- All Test Suite -->
</testng-results>
